<?xml version="1.0" encoding="UTF-8"?>
<!-- Generated by org.testng.reporters.JUnitXMLReporter -->
<testsuite hostname="Home" ignored="0" name="Test" tests="5" failures="0" timestamp="2024-09-04T11:08:34 AEST" time="5.098" errors="0">
  <testcase name="homePageTitleTest" time="0.011" classname="com.qa.opencart.tests.HomePageTest"/>
  <testcase name="homePageURLTest" time="0.0" classname="com.qa.opencart.tests.HomePageTest"/>
  <testcase name="searchTest" time="0.358" classname="com.qa.opencart.tests.HomePageTest"/>
  <testcase name="searchTest" time="0.383" classname="com.qa.opencart.tests.HomePageTest"/>
  <testcase name="searchTest" time="0.656" classname="com.qa.opencart.tests.HomePageTest"/>
</testsuite> <!-- Test -->
