<?xml version="1.0" encoding="UTF-8"?>
<!-- Generated by org.testng.reporters.JUnitXMLReporter -->
<testsuite hostname="Home" ignored="0" name="Test Home Page" tests="5" failures="0" timestamp="2024-09-10T12:03:07 AEST" time="7.297" errors="0">
  <testcase name="homePageTitleTest" time="0.014" classname="com.qa.opencart.tests.HomePageTest"/>
  <testcase name="homePageURLTest" time="0.001" classname="com.qa.opencart.tests.HomePageTest"/>
  <testcase name="searchTest" time="0.446" classname="com.qa.opencart.tests.HomePageTest"/>
  <testcase name="searchTest" time="0.417" classname="com.qa.opencart.tests.HomePageTest"/>
  <testcase name="searchTest" time="0.368" classname="com.qa.opencart.tests.HomePageTest"/>
</testsuite> <!-- Test Home Page -->
