<?xml version="1.0" encoding="UTF-8"?>
<!-- Generated by org.testng.reporters.JUnitXMLReporter -->
<testsuite hostname="Home" ignored="0" name="Test Login Page" tests="3" failures="0" timestamp="2024-09-10T12:03:11 AEST" time="3.666" errors="0">
  <testcase name="loginPageNavigationTest" time="0.387" classname="com.qa.opencart.tests.LoginTest"/>
  <testcase name="forgotPwdLinkExistTest" time="0.015" classname="com.qa.opencart.tests.LoginTest"/>
  <testcase name="appLoginTest" time="0.526" classname="com.qa.opencart.tests.LoginTest"/>
</testsuite> <!-- Test Login Page -->
