<?xml version="1.0" encoding="UTF-8"?>
<!-- Generated by org.testng.reporters.JUnitXMLReporter -->
<testsuite hostname="Home" ignored="0" name="Default test" tests="3" failures="0" timestamp="2024-09-04T14:36:58 AEST" time="4.43" errors="0">
  <testcase name="loginPageNavigationTest" time="0.381" classname="com.qa.opencart.tests.LoginTest"/>
  <testcase name="forgotPwdLinkExistTest" time="0.014" classname="com.qa.opencart.tests.LoginTest"/>
  <testcase name="appLoginTest" time="0.546" classname="com.qa.opencart.tests.LoginTest"/>
</testsuite> <!-- Default test -->
